Determining if the pthread_create exist failed with the following output:
Change Dir: /home/daveliinux/GIT/VSB-NAVY/Percepton/cmake-build-debug/CMakeFiles/CMakeTmp

Run Build Command:"/usr/bin/make" "cmTC_68662/fast"
/usr/bin/make -f CMakeFiles/cmTC_68662.dir/build.make CMakeFiles/cmTC_68662.dir/build
make[1]: Vstupuje se do adresáře „/home/daveliinux/GIT/VSB-NAVY/Percepton/cmake-build-debug/CMakeFiles/CMakeTmp“
Building C object CMakeFiles/cmTC_68662.dir/CheckSymbolExists.c.o
/usr/bin/cc    -o CMakeFiles/cmTC_68662.dir/CheckSymbolExists.c.o   -c /home/daveliinux/GIT/VSB-NAVY/Percepton/cmake-build-debug/CMakeFiles/CMakeTmp/CheckSymbolExists.c
Linking C executable cmTC_68662
/snap/clion/61/bin/cmake/linux/bin/cmake -E cmake_link_script CMakeFiles/cmTC_68662.dir/link.txt --verbose=1
/usr/bin/cc      -rdynamic CMakeFiles/cmTC_68662.dir/CheckSymbolExists.c.o  -o cmTC_68662 
/usr/bin/ld: CMakeFiles/cmTC_68662.dir/CheckSymbolExists.c.o: in function `main':
CheckSymbolExists.c:(.text+0x1b): undefined reference to `pthread_create'
collect2: error: ld returned 1 exit status
make[1]: *** [CMakeFiles/cmTC_68662.dir/build.make:87: cmTC_68662] Chyba 1
make[1]: Opouští se adresář „/home/daveliinux/GIT/VSB-NAVY/Percepton/cmake-build-debug/CMakeFiles/CMakeTmp“
make: *** [Makefile:121: cmTC_68662/fast] Chyba 2

File /home/daveliinux/GIT/VSB-NAVY/Percepton/cmake-build-debug/CMakeFiles/CMakeTmp/CheckSymbolExists.c:
/* */
#include <pthread.h>

int main(int argc, char** argv)
{
  (void)argv;
#ifndef pthread_create
  return ((int*)(&pthread_create))[argc];
#else
  (void)argc;
  return 0;
#endif
}

Determining if the function pthread_create exists in the pthreads failed with the following output:
Change Dir: /home/daveliinux/GIT/VSB-NAVY/Percepton/cmake-build-debug/CMakeFiles/CMakeTmp

Run Build Command:"/usr/bin/make" "cmTC_d669e/fast"
/usr/bin/make -f CMakeFiles/cmTC_d669e.dir/build.make CMakeFiles/cmTC_d669e.dir/build
make[1]: Vstupuje se do adresáře „/home/daveliinux/GIT/VSB-NAVY/Percepton/cmake-build-debug/CMakeFiles/CMakeTmp“
Building C object CMakeFiles/cmTC_d669e.dir/CheckFunctionExists.c.o
/usr/bin/cc   -DCHECK_FUNCTION_EXISTS=pthread_create   -o CMakeFiles/cmTC_d669e.dir/CheckFunctionExists.c.o   -c /snap/clion/61/bin/cmake/linux/share/cmake-3.13/Modules/CheckFunctionExists.c
Linking C executable cmTC_d669e
/snap/clion/61/bin/cmake/linux/bin/cmake -E cmake_link_script CMakeFiles/cmTC_d669e.dir/link.txt --verbose=1
/usr/bin/cc  -DCHECK_FUNCTION_EXISTS=pthread_create    -rdynamic CMakeFiles/cmTC_d669e.dir/CheckFunctionExists.c.o  -o cmTC_d669e -lpthreads 
/usr/bin/ld: cannot find -lpthreads
collect2: error: ld returned 1 exit status
make[1]: *** [CMakeFiles/cmTC_d669e.dir/build.make:87: cmTC_d669e] Chyba 1
make[1]: Opouští se adresář „/home/daveliinux/GIT/VSB-NAVY/Percepton/cmake-build-debug/CMakeFiles/CMakeTmp“
make: *** [Makefile:121: cmTC_d669e/fast] Chyba 2


Determining if the function sgesv exists failed with the following output:
Change Dir: /home/daveliinux/GIT/VSB-NAVY/Percepton/cmake-build-debug/CMakeFiles/CMakeTmp

Run Build Command:"/usr/bin/make" "cmTC_41e00/fast"
/usr/bin/make -f CMakeFiles/cmTC_41e00.dir/build.make CMakeFiles/cmTC_41e00.dir/build
make[1]: Vstupuje se do adresáře „/home/daveliinux/GIT/VSB-NAVY/Percepton/cmake-build-debug/CMakeFiles/CMakeTmp“
Building C object CMakeFiles/cmTC_41e00.dir/CheckFunctionExists.c.o
/usr/bin/cc   -DCHECK_FUNCTION_EXISTS=sgesv   -o CMakeFiles/cmTC_41e00.dir/CheckFunctionExists.c.o   -c /snap/clion/61/bin/cmake/linux/share/cmake-3.13/Modules/CheckFunctionExists.c
Linking C executable cmTC_41e00
/snap/clion/61/bin/cmake/linux/bin/cmake -E cmake_link_script CMakeFiles/cmTC_41e00.dir/link.txt --verbose=1
/usr/bin/cc  -DCHECK_FUNCTION_EXISTS=sgesv    -rdynamic CMakeFiles/cmTC_41e00.dir/CheckFunctionExists.c.o  -o cmTC_41e00 /usr/lib/x86_64-linux-gnu/liblapack.so 
/usr/bin/ld: CMakeFiles/cmTC_41e00.dir/CheckFunctionExists.c.o: in function `main':
CheckFunctionExists.c:(.text+0x10): undefined reference to `sgesv'
collect2: error: ld returned 1 exit status
make[1]: *** [CMakeFiles/cmTC_41e00.dir/build.make:88: cmTC_41e00] Chyba 1
make[1]: Opouští se adresář „/home/daveliinux/GIT/VSB-NAVY/Percepton/cmake-build-debug/CMakeFiles/CMakeTmp“
make: *** [Makefile:121: cmTC_41e00/fast] Chyba 2


Determining if the function sgetrf_single exists failed with the following output:
Change Dir: /home/daveliinux/GIT/VSB-NAVY/Percepton/cmake-build-debug/CMakeFiles/CMakeTmp

Run Build Command:"/usr/bin/make" "cmTC_da9da/fast"
/usr/bin/make -f CMakeFiles/cmTC_da9da.dir/build.make CMakeFiles/cmTC_da9da.dir/build
make[1]: Vstupuje se do adresáře „/home/daveliinux/GIT/VSB-NAVY/Percepton/cmake-build-debug/CMakeFiles/CMakeTmp“
Building C object CMakeFiles/cmTC_da9da.dir/CheckFunctionExists.c.o
/usr/bin/cc   -DCHECK_FUNCTION_EXISTS=sgetrf_single   -o CMakeFiles/cmTC_da9da.dir/CheckFunctionExists.c.o   -c /snap/clion/61/bin/cmake/linux/share/cmake-3.13/Modules/CheckFunctionExists.c
Linking C executable cmTC_da9da
/snap/clion/61/bin/cmake/linux/bin/cmake -E cmake_link_script CMakeFiles/cmTC_da9da.dir/link.txt --verbose=1
/usr/bin/cc  -DCHECK_FUNCTION_EXISTS=sgetrf_single    -rdynamic CMakeFiles/cmTC_da9da.dir/CheckFunctionExists.c.o  -o cmTC_da9da /usr/lib/x86_64-linux-gnu/libcblas.so 
/usr/bin/ld: CMakeFiles/cmTC_da9da.dir/CheckFunctionExists.c.o: in function `main':
CheckFunctionExists.c:(.text+0x10): undefined reference to `sgetrf_single'
collect2: error: ld returned 1 exit status
make[1]: *** [CMakeFiles/cmTC_da9da.dir/build.make:88: cmTC_da9da] Chyba 1
make[1]: Opouští se adresář „/home/daveliinux/GIT/VSB-NAVY/Percepton/cmake-build-debug/CMakeFiles/CMakeTmp“
make: *** [Makefile:121: cmTC_da9da/fast] Chyba 2


